#
# There is insufficient memory for the Java Runtime Environment to continue.
# Native memory allocation (malloc) failed to allocate 32744 bytes for ChunkPool::allocate
# Possible reasons:
#   The system is out of physical RAM or swap space
#   In 32 bit mode, the process size limit was hit
# Possible solutions:
#   Reduce memory load on the system
#   Increase physical memory or swap space
#   Check if swap backing store is full
#   Use 64 bit Java on a 64 bit OS
#   Decrease Java heap size (-Xmx/-Xms)
#   Decrease number of Java threads
#   Decrease Java thread stack sizes (-Xss)
#   Set larger code cache with -XX:ReservedCodeCacheSize=
# This output file may be truncated or incomplete.
#
#  Out of Memory Error (allocation.cpp:273), pid=1116, tid=0x00000000000008e4
#
# JRE version: Java(TM) SE Runtime Environment (8.0_181-b13) (build 1.8.0_181-b13)
# Java VM: Java HotSpot(TM) 64-Bit Server VM (25.181-b13 mixed mode windows-amd64 compressed oops)
# Failed to write core dump. Minidumps are not enabled by default on client versions of Windows
#

---------------  T H R E A D  ---------------

Current thread (0x000000001725e800):  JavaThread "C1 CompilerThread2" daemon [_thread_in_native, id=2276, stack(0x0000000018ac0000,0x0000000018bc0000)]

Stack: [0x0000000018ac0000,0x0000000018bc0000]
[error occurred during error reporting (printing stack bounds), id 0xc0000005]

Native frames: (J=compiled Java code, j=interpreted, Vv=VM code, C=native code)


Current CompileTask:
C1:   5769 1328       3       com.sun.javafx.tk.quantum.QuantumToolkit::postPulse (148 bytes)


---------------  P R O C E S S  ---------------

Java Threads: ( => current thread )
  0x000000001a353800 JavaThread "Prism Font Disposer" daemon [_thread_blocked, id=7432, stack(0x0000000021c50000,0x0000000021d50000)]
  0x000000001a1bc800 JavaThread "Thread-3" daemon [_thread_in_native, id=6660, stack(0x00000000212d0000,0x00000000213d0000)]
  0x000000001a1bf000 JavaThread "JavaFX-Launcher" [_thread_blocked, id=16120, stack(0x00000000213d0000,0x00000000214d0000)]
  0x0000000018fa3000 JavaThread "JavaFX Application Thread" [_thread_in_native, id=13644, stack(0x000000001a040000,0x000000001a140000)]
  0x0000000018fa0000 JavaThread "Thread-1" daemon [_thread_blocked, id=9812, stack(0x0000000019f40000,0x000000001a040000)]
  0x0000000018f8b800 JavaThread "QuantumRenderer-0" daemon [_thread_blocked, id=7348, stack(0x00000000194f0000,0x00000000195f0000)]
  0x0000000018be8800 JavaThread "Service Thread" daemon [_thread_blocked, id=1924, stack(0x0000000018fc0000,0x00000000190c0000)]
=>0x000000001725e800 JavaThread "C1 CompilerThread2" daemon [_thread_in_native, id=2276, stack(0x0000000018ac0000,0x0000000018bc0000)]
  0x000000001725b800 JavaThread "C2 CompilerThread1" daemon [_thread_blocked, id=4736, stack(0x00000000189c0000,0x0000000018ac0000)]
  0x0000000017256800 JavaThread "C2 CompilerThread0" daemon [_thread_blocked, id=9204, stack(0x00000000188c0000,0x00000000189c0000)]
  0x0000000017255800 JavaThread "Attach Listener" daemon [_thread_blocked, id=8736, stack(0x00000000187c0000,0x00000000188c0000)]
  0x0000000017254000 JavaThread "Signal Dispatcher" daemon [_thread_blocked, id=2416, stack(0x00000000186c0000,0x00000000187c0000)]
  0x00000000026db800 JavaThread "Finalizer" daemon [_thread_blocked, id=13980, stack(0x00000000184b0000,0x00000000185b0000)]
  0x0000000017219000 JavaThread "Reference Handler" daemon [_thread_blocked, id=11332, stack(0x00000000183b0000,0x00000000184b0000)]
  0x00000000025e2800 JavaThread "main" [_thread_blocked, id=3560, stack(0x0000000002480000,0x0000000002580000)]

Other Threads:
  0x0000000017217800 VMThread [stack: 0x00000000182b0000,0x00000000183b0000] [id=12220]
  0x0000000018be9000 WatcherThread [stack: 0x0000000019210000,0x0000000019310000] [id=1996]

VM state:not at safepoint (normal execution)

VM Mutex/Monitor currently owned by a thread: None

Heap:
 PSYoungGen      total 38400K, used 7893K [0x00000000d5c00000, 0x00000000d8680000, 0x0000000100000000)
  eden space 33280K, 8% used [0x00000000d5c00000,0x00000000d5ee49c8,0x00000000d7c80000)
  from space 5120K, 96% used [0x00000000d7c80000,0x00000000d8150ae0,0x00000000d8180000)
  to   space 5120K, 0% used [0x00000000d8180000,0x00000000d8180000,0x00000000d8680000)
 ParOldGen       total 87552K, used 4176K [0x0000000081400000, 0x0000000086980000, 0x00000000d5c00000)
  object space 87552K, 4% used [0x0000000081400000,0x0000000081814030,0x0000000086980000)
 Metaspace       used 15088K, capacity 15682K, committed 16000K, reserved 1062912K
  class space    used 2175K, capacity 2335K, committed 2432K, reserved 1048576K

Card table byte_map: [0x0000000011aa0000,0x0000000011ea0000] byte_map_base: 0x0000000011696000

Marking Bits: (ParMarkBitMap*) 0x0000000056432d00
 Begin Bits: [0x0000000012550000, 0x0000000014500000)
 End Bits:   [0x0000000014500000, 0x00000000164b0000)

Polling page: 0x0000000000800000

CodeCache: size=245760Kb used=4325Kb max_used=4325Kb free=241434Kb
 bounds [0x00000000026e0000, 0x0000000002b20000, 0x00000000116e0000]
 total_blobs=1944 nmethods=1326 adapters=530
 compilation: enabled

Compilation events (10 events):
Event: 5.634 Thread 0x000000001725e800 nmethod 1321 0x0000000002b18a50 code [0x0000000002b18bc0, 0x0000000002b18dd0]
Event: 5.635 Thread 0x000000001725e800 1324       1       com.sun.javafx.geom.RectBounds::getMinX (5 bytes)
Event: 5.635 Thread 0x000000001725e800 nmethod 1324 0x0000000002b18e90 code [0x0000000002b18fe0, 0x0000000002b190f0]
Event: 5.637 Thread 0x000000001725e800 1325       3       java.lang.Integer::hashCode (8 bytes)
Event: 5.638 Thread 0x000000001725e800 nmethod 1325 0x0000000002b19150 code [0x0000000002b192a0, 0x0000000002b19450]
Event: 5.638 Thread 0x000000001725e800 1326       3       java.lang.Integer::hashCode (2 bytes)
Event: 5.638 Thread 0x000000001725e800 nmethod 1326 0x0000000002b19510 code [0x0000000002b19660, 0x0000000002b19790]
Event: 5.638 Thread 0x000000001725e800 1327       3       javafx.scene.Camera::getCameraTransform (35 bytes)
Event: 5.640 Thread 0x000000001725e800 nmethod 1327 0x0000000002b19810 code [0x0000000002b19a20, 0x0000000002b1a708]
Event: 5.760 Thread 0x000000001725e800 1328       3       com.sun.javafx.tk.quantum.QuantumToolkit::postPulse (148 bytes)

GC Heap History (2 events):
Event: 4.165 GC heap before
{Heap before GC invocations=1 (full 0):
 PSYoungGen      total 38400K, used 33280K [0x00000000d5c00000, 0x00000000d8680000, 0x0000000100000000)
  eden space 33280K, 100% used [0x00000000d5c00000,0x00000000d7c80000,0x00000000d7c80000)
  from space 5120K, 0% used [0x00000000d8180000,0x00000000d8180000,0x00000000d8680000)
  to   space 5120K, 0% used [0x00000000d7c80000,0x00000000d7c80000,0x00000000d8180000)
 ParOldGen       total 87552K, used 0K [0x0000000081400000, 0x0000000086980000, 0x00000000d5c00000)
  object space 87552K, 0% used [0x0000000081400000,0x0000000081400000,0x0000000086980000)
 Metaspace       used 14557K, capacity 15082K, committed 15232K, reserved 1062912K
  class space    used 2028K, capacity 2165K, committed 2176K, reserved 1048576K
Event: 4.183 GC heap after
Heap after GC invocations=1 (full 0):
 PSYoungGen      total 38400K, used 4930K [0x00000000d5c00000, 0x00000000d8680000, 0x0000000100000000)
  eden space 33280K, 0% used [0x00000000d5c00000,0x00000000d5c00000,0x00000000d7c80000)
  from space 5120K, 96% used [0x00000000d7c80000,0x00000000d8150ae0,0x00000000d8180000)
  to   space 5120K, 0% used [0x00000000d8180000,0x00000000d8180000,0x00000000d8680000)
 ParOldGen       total 87552K, used 4176K [0x0000000081400000, 0x0000000086980000, 0x00000000d5c00000)
  object space 87552K, 4% used [0x0000000081400000,0x0000000081814030,0x0000000086980000)
 Metaspace       used 14557K, capacity 15082K, committed 15232K, reserved 1062912K
  class space    used 2028K, capacity 2165K, committed 2176K, reserved 1048576K
}

Deoptimization events (10 events):
Event: 2.955 Thread 0x0000000018fa3000 Uncommon trap: reason=class_check action=maybe_recompile pc=0x00000000029766e0 method=java.io.DataInputStream.readShort()S @ 4
Event: 2.957 Thread 0x0000000018fa3000 Uncommon trap: reason=class_check action=maybe_recompile pc=0x00000000029766e0 method=java.io.DataInputStream.readShort()S @ 4
Event: 2.957 Thread 0x0000000018fa3000 Uncommon trap: reason=class_check action=maybe_recompile pc=0x00000000029766e0 method=java.io.DataInputStream.readShort()S @ 4
Event: 2.971 Thread 0x0000000018fa3000 Uncommon trap: reason=class_check action=maybe_recompile pc=0x00000000027ff6a8 method=java.lang.String.equals(Ljava/lang/Object;)Z @ 8
Event: 2.971 Thread 0x0000000018fa3000 Uncommon trap: reason=class_check action=maybe_recompile pc=0x00000000027ff6a8 method=java.lang.String.equals(Ljava/lang/Object;)Z @ 8
Event: 2.971 Thread 0x0000000018fa3000 Uncommon trap: reason=class_check action=maybe_recompile pc=0x00000000027ff6a8 method=java.lang.String.equals(Ljava/lang/Object;)Z @ 8
Event: 2.976 Thread 0x0000000018fa3000 Uncommon trap: reason=class_check action=maybe_recompile pc=0x00000000027ff6a8 method=java.lang.String.equals(Ljava/lang/Object;)Z @ 8
Event: 3.097 Thread 0x0000000018fa3000 Uncommon trap: reason=unstable_if action=reinterpret pc=0x00000000029c2af8 method=sun.net.www.ParseUtil.encodePath(Ljava/lang/String;Z)Ljava/lang/String; @ 109
Event: 3.962 Thread 0x0000000018fa3000 Uncommon trap: reason=unstable_if action=reinterpret pc=0x00000000028af728 method=java.lang.String.startsWith(Ljava/lang/String;I)Z @ 25
Event: 4.285 Thread 0x0000000018fa3000 Uncommon trap: reason=unstable_if action=reinterpret pc=0x00000000028eb080 method=java.lang.CharacterData.of(I)Ljava/lang/CharacterData; @ 4

Classes redefined (0 events):
No events

Internal exceptions (10 events):
Event: 0.720 Thread 0x00000000025e2800 Exception <a 'java/security/PrivilegedActionException'> (0x00000000d5ecff18) thrown at [C:\re\workspace\8-2-build-windows-amd64-cygwin\jdk8u181\11358\hotspot\src\share\vm\prims\jvm.cpp, line 1435]
Event: 0.721 Thread 0x00000000025e2800 Exception <a 'java/security/PrivilegedActionException'> (0x00000000d5ed3e28) thrown at [C:\re\workspace\8-2-build-windows-amd64-cygwin\jdk8u181\11358\hotspot\src\share\vm\prims\jvm.cpp, line 1435]
Event: 0.722 Thread 0x00000000025e2800 Exception <a 'java/security/PrivilegedActionException'> (0x00000000d5ed4038) thrown at [C:\re\workspace\8-2-build-windows-amd64-cygwin\jdk8u181\11358\hotspot\src\share\vm\prims\jvm.cpp, line 1435]
Event: 0.722 Thread 0x00000000025e2800 Exception <a 'java/lang/NullPointerException'> (0x00000000d5ed4610) thrown at [C:\re\workspace\8-2-build-windows-amd64-cygwin\jdk8u181\11358\hotspot\src\share\vm\interpreter\linkResolver.cpp, line 1185]
Event: 2.169 Thread 0x0000000018fa3000 Exception <a 'java/lang/NullPointerException'> (0x00000000d6979d20) thrown at [C:\re\workspace\8-2-build-windows-amd64-cygwin\jdk8u181\11358\hotspot\src\share\vm\interpreter\linkResolver.cpp, line 1185]
Event: 2.169 Thread 0x0000000018fa3000 Exception <a 'java/lang/NullPointerException'> (0x00000000d6979d20) thrown at [C:\re\workspace\8-2-build-windows-amd64-cygwin\jdk8u181\11358\hotspot\src\share\vm\prims\jvm.cpp, line 1439]
Event: 2.569 Thread 0x0000000018fa3000 Exception <a 'java/lang/ArrayIndexOutOfBoundsException'> (0x00000000d6e883d0) thrown at [C:\re\workspace\8-2-build-windows-amd64-cygwin\jdk8u181\11358\hotspot\src\share\vm\runtime\sharedRuntime.cpp, line 605]
Event: 2.571 Thread 0x0000000018fa3000 Exception <a 'java/lang/ArrayIndexOutOfBoundsException'> (0x00000000d6e890d0) thrown at [C:\re\workspace\8-2-build-windows-amd64-cygwin\jdk8u181\11358\hotspot\src\share\vm\runtime\sharedRuntime.cpp, line 605]
Event: 2.575 Thread 0x0000000018fa3000 Exception <a 'java/lang/ArrayIndexOutOfBoundsException'> (0x00000000d6e8a478) thrown at [C:\re\workspace\8-2-build-windows-amd64-cygwin\jdk8u181\11358\hotspot\src\share\vm\runtime\sharedRuntime.cpp, line 605]
Event: 2.650 Thread 0x0000000018fa3000 Implicit null exception at 0x000000000298eab5 to 0x000000000298ec91

Events (10 events):
Event: 4.376 loading class com/sun/prism/impl/ps/CachingShapeRepState$CacheEntry
Event: 4.376 loading class com/sun/prism/impl/ps/CachingShapeRepState$CacheEntry done
Event: 4.376 loading class com/sun/prism/impl/ps/CachingShapeRepState$CacheEntry
Event: 4.376 loading class com/sun/prism/impl/ps/CachingShapeRepState$CacheEntry done
Event: 4.376 loading class com/sun/prism/impl/ps/CachingShapeRepState$CacheEntry
Event: 4.376 loading class com/sun/prism/impl/ps/CachingShapeRepState$CacheEntry done
Event: 4.377 loading class com/sun/prism/impl/ps/CachingShapeRepState$MaskTexData
Event: 4.377 loading class com/sun/prism/impl/ps/CachingShapeRepState$MaskTexData done
Event: 4.378 loading class com/sun/prism/impl/ps/CachingShapeRepState$CSRDisposerRecord
Event: 4.378 loading class com/sun/prism/impl/ps/CachingShapeRepState$CSRDisposerRecord done


Dynamic libraries:
0x00007ff7a4a50000 - 0x00007ff7a4a87000 	C:\Program Files\Java\jdk1.8.0_181\jre\bin\java.exe
0x00007ffeef5c0000 - 0x00007ffeef7a1000 	C:\WINDOWS\SYSTEM32\ntdll.dll
0x00007ffeedd80000 - 0x00007ffeede31000 	C:\WINDOWS\System32\KERNEL32.DLL
0x00007ffeebb60000 - 0x00007ffeebdd3000 	C:\WINDOWS\System32\KERNELBASE.dll
0x00007ffeeda30000 - 0x00007ffeedad1000 	C:\WINDOWS\System32\ADVAPI32.dll
0x00007ffeed560000 - 0x00007ffeed5fe000 	C:\WINDOWS\System32\msvcrt.dll
0x00007ffeedae0000 - 0x00007ffeedb3b000 	C:\WINDOWS\System32\sechost.dll
0x00007ffeede40000 - 0x00007ffeedf64000 	C:\WINDOWS\System32\RPCRT4.dll
0x00007ffeedbf0000 - 0x00007ffeedd80000 	C:\WINDOWS\System32\USER32.dll
0x00007ffeebf80000 - 0x00007ffeebfa0000 	C:\WINDOWS\System32\win32u.dll
0x00007ffeef560000 - 0x00007ffeef588000 	C:\WINDOWS\System32\GDI32.dll
0x00007ffeebde0000 - 0x00007ffeebf72000 	C:\WINDOWS\System32\gdi32full.dll
0x00007ffeeba60000 - 0x00007ffeebaff000 	C:\WINDOWS\System32\msvcp_win.dll
0x00007ffeec6b0000 - 0x00007ffeec7a8000 	C:\WINDOWS\System32\ucrtbase.dll
0x00007ffedb340000 - 0x00007ffedb5a9000 	C:\WINDOWS\WinSxS\amd64_microsoft.windows.common-controls_6595b64144ccf1df_6.0.17134.765_none_fb42a1a930655896\COMCTL32.dll
0x00007ffeed600000 - 0x00007ffeed922000 	C:\WINDOWS\System32\combase.dll
0x00007ffeeb9e0000 - 0x00007ffeeba5a000 	C:\WINDOWS\System32\bcryptPrimitives.dll
0x00007ffeed9a0000 - 0x00007ffeed9cd000 	C:\WINDOWS\System32\IMM32.DLL
0x0000000055b30000 - 0x0000000055c02000 	C:\Program Files\Java\jdk1.8.0_181\jre\bin\msvcr100.dll
0x0000000055c10000 - 0x00000000564b2000 	C:\Program Files\Java\jdk1.8.0_181\jre\bin\server\jvm.dll
0x00007ffeef3b0000 - 0x00007ffeef3b8000 	C:\WINDOWS\System32\PSAPI.DLL
0x00007ffee6570000 - 0x00007ffee6579000 	C:\WINDOWS\SYSTEM32\WSOCK32.dll
0x00007ffeed930000 - 0x00007ffeed99c000 	C:\WINDOWS\System32\WS2_32.dll
0x00007ffee8760000 - 0x00007ffee8783000 	C:\WINDOWS\SYSTEM32\WINMM.dll
0x00007ffee5ce0000 - 0x00007ffee5cea000 	C:\WINDOWS\SYSTEM32\VERSION.dll
0x00007ffee8730000 - 0x00007ffee875a000 	C:\WINDOWS\SYSTEM32\WINMMBASE.dll
0x00007ffeeb990000 - 0x00007ffeeb9d9000 	C:\WINDOWS\System32\cfgmgr32.dll
0x0000000055ae0000 - 0x0000000055aef000 	C:\Program Files\Java\jdk1.8.0_181\jre\bin\verify.dll
0x0000000055ab0000 - 0x0000000055ad9000 	C:\Program Files\Java\jdk1.8.0_181\jre\bin\java.dll
0x0000000055a90000 - 0x0000000055aa6000 	C:\Program Files\Java\jdk1.8.0_181\jre\bin\zip.dll
0x00007ffeedf70000 - 0x00007ffeef3b0000 	C:\WINDOWS\System32\SHELL32.dll
0x00007ffeef440000 - 0x00007ffeef4e9000 	C:\WINDOWS\System32\shcore.dll
0x00007ffeebfa0000 - 0x00007ffeec6ad000 	C:\WINDOWS\System32\windows.storage.dll
0x00007ffeeca50000 - 0x00007ffeecaa1000 	C:\WINDOWS\System32\shlwapi.dll
0x00007ffeeb910000 - 0x00007ffeeb921000 	C:\WINDOWS\System32\kernel.appcore.dll
0x00007ffeeb8d0000 - 0x00007ffeeb8ef000 	C:\WINDOWS\System32\profapi.dll
0x00007ffeeb930000 - 0x00007ffeeb97c000 	C:\WINDOWS\System32\powrprof.dll
0x00007ffeeb980000 - 0x00007ffeeb98a000 	C:\WINDOWS\System32\FLTLIB.DLL
0x0000000000840000 - 0x0000000000843000 	C:\Program Files\Java\jdk1.8.0_181\jre\bin\api-ms-win-core-console-l1-1-0.dll
0x0000000000890000 - 0x0000000000893000 	C:\Program Files\Java\jdk1.8.0_181\jre\bin\api-ms-win-core-datetime-l1-1-0.dll
0x0000000000ca0000 - 0x0000000000ca3000 	C:\Program Files\Java\jdk1.8.0_181\jre\bin\api-ms-win-core-debug-l1-1-0.dll
0x0000000000cb0000 - 0x0000000000cb3000 	C:\Program Files\Java\jdk1.8.0_181\jre\bin\api-ms-win-core-errorhandling-l1-1-0.dll
0x0000000000cc0000 - 0x0000000000cc4000 	C:\Program Files\Java\jdk1.8.0_181\jre\bin\api-ms-win-core-file-l1-1-0.dll
0x0000000002580000 - 0x0000000002583000 	C:\Program Files\Java\jdk1.8.0_181\jre\bin\api-ms-win-core-file-l1-2-0.dll
0x0000000002590000 - 0x0000000002593000 	C:\Program Files\Java\jdk1.8.0_181\jre\bin\api-ms-win-core-file-l2-1-0.dll
0x00000000025a0000 - 0x00000000025a3000 	C:\Program Files\Java\jdk1.8.0_181\jre\bin\api-ms-win-core-handle-l1-1-0.dll
0x00000000025b0000 - 0x00000000025b3000 	C:\Program Files\Java\jdk1.8.0_181\jre\bin\api-ms-win-core-heap-l1-1-0.dll
0x00000000025c0000 - 0x00000000025c3000 	C:\Program Files\Java\jdk1.8.0_181\jre\bin\api-ms-win-core-interlocked-l1-1-0.dll
0x0000000019310000 - 0x0000000019313000 	C:\Program Files\Java\jdk1.8.0_181\jre\bin\api-ms-win-core-libraryloader-l1-1-0.dll
0x0000000019320000 - 0x0000000019323000 	C:\Program Files\Java\jdk1.8.0_181\jre\bin\api-ms-win-core-localization-l1-2-0.dll
0x0000000019330000 - 0x0000000019333000 	C:\Program Files\Java\jdk1.8.0_181\jre\bin\api-ms-win-core-memory-l1-1-0.dll
0x0000000019340000 - 0x0000000019343000 	C:\Program Files\Java\jdk1.8.0_181\jre\bin\api-ms-win-core-namedpipe-l1-1-0.dll
0x0000000019350000 - 0x0000000019353000 	C:\Program Files\Java\jdk1.8.0_181\jre\bin\api-ms-win-core-processenvironment-l1-1-0.dll
0x0000000019360000 - 0x0000000019363000 	C:\Program Files\Java\jdk1.8.0_181\jre\bin\api-ms-win-core-processthreads-l1-1-0.dll
0x0000000019370000 - 0x0000000019373000 	C:\Program Files\Java\jdk1.8.0_181\jre\bin\api-ms-win-core-processthreads-l1-1-1.dll
0x0000000019380000 - 0x0000000019383000 	C:\Program Files\Java\jdk1.8.0_181\jre\bin\api-ms-win-core-profile-l1-1-0.dll
0x0000000019390000 - 0x0000000019393000 	C:\Program Files\Java\jdk1.8.0_181\jre\bin\api-ms-win-core-rtlsupport-l1-1-0.dll
0x00000000193a0000 - 0x00000000193a3000 	C:\Program Files\Java\jdk1.8.0_181\jre\bin\api-ms-win-core-string-l1-1-0.dll
0x00000000193b0000 - 0x00000000193b3000 	C:\Program Files\Java\jdk1.8.0_181\jre\bin\api-ms-win-core-synch-l1-1-0.dll
0x00000000193c0000 - 0x00000000193c3000 	C:\Program Files\Java\jdk1.8.0_181\jre\bin\api-ms-win-core-synch-l1-2-0.dll
0x00000000193d0000 - 0x00000000193d3000 	C:\Program Files\Java\jdk1.8.0_181\jre\bin\api-ms-win-core-sysinfo-l1-1-0.dll
0x00000000193e0000 - 0x00000000193e3000 	C:\Program Files\Java\jdk1.8.0_181\jre\bin\api-ms-win-core-timezone-l1-1-0.dll
0x00000000193f0000 - 0x00000000193f3000 	C:\Program Files\Java\jdk1.8.0_181\jre\bin\api-ms-win-core-util-l1-1-0.dll
0x0000000019400000 - 0x0000000019403000 	C:\Program Files\Java\jdk1.8.0_181\jre\bin\api-ms-win-crt-conio-l1-1-0.dll
0x0000000019410000 - 0x0000000019414000 	C:\Program Files\Java\jdk1.8.0_181\jre\bin\api-ms-win-crt-convert-l1-1-0.dll
0x0000000019420000 - 0x0000000019423000 	C:\Program Files\Java\jdk1.8.0_181\jre\bin\api-ms-win-crt-environment-l1-1-0.dll
0x0000000019430000 - 0x0000000019433000 	C:\Program Files\Java\jdk1.8.0_181\jre\bin\api-ms-win-crt-filesystem-l1-1-0.dll
0x0000000019440000 - 0x0000000019443000 	C:\Program Files\Java\jdk1.8.0_181\jre\bin\api-ms-win-crt-heap-l1-1-0.dll
0x0000000019450000 - 0x0000000019453000 	C:\Program Files\Java\jdk1.8.0_181\jre\bin\api-ms-win-crt-locale-l1-1-0.dll
0x0000000019460000 - 0x0000000019465000 	C:\Program Files\Java\jdk1.8.0_181\jre\bin\api-ms-win-crt-math-l1-1-0.dll
0x0000000019470000 - 0x0000000019475000 	C:\Program Files\Java\jdk1.8.0_181\jre\bin\api-ms-win-crt-multibyte-l1-1-0.dll
0x0000000019480000 - 0x0000000019490000 	C:\Program Files\Java\jdk1.8.0_181\jre\bin\api-ms-win-crt-private-l1-1-0.dll
0x0000000019490000 - 0x0000000019493000 	C:\Program Files\Java\jdk1.8.0_181\jre\bin\api-ms-win-crt-process-l1-1-0.dll
0x00000000194a0000 - 0x00000000194a4000 	C:\Program Files\Java\jdk1.8.0_181\jre\bin\api-ms-win-crt-runtime-l1-1-0.dll
0x00000000194b0000 - 0x00000000194b4000 	C:\Program Files\Java\jdk1.8.0_181\jre\bin\api-ms-win-crt-stdio-l1-1-0.dll
0x00000000194c0000 - 0x00000000194c4000 	C:\Program Files\Java\jdk1.8.0_181\jre\bin\api-ms-win-crt-string-l1-1-0.dll
0x00000000194d0000 - 0x00000000194d3000 	C:\Program Files\Java\jdk1.8.0_181\jre\bin\api-ms-win-crt-time-l1-1-0.dll
0x00000000194e0000 - 0x00000000194e3000 	C:\Program Files\Java\jdk1.8.0_181\jre\bin\api-ms-win-crt-utility-l1-1-0.dll
0x00007ffee6ee0000 - 0x00007ffee6fd6000 	C:\Program Files\Java\jdk1.8.0_181\jre\bin\ucrtbase.dll
0x00007ffee7460000 - 0x00007ffee7476000 	C:\Program Files\Java\jdk1.8.0_181\jre\bin\vcruntime140.dll
0x00007ffee6db0000 - 0x00007ffee6e4c000 	C:\Program Files\Java\jdk1.8.0_181\jre\bin\msvcp140.dll
0x00007ffee7400000 - 0x00007ffee7451000 	C:\Program Files\Java\jdk1.8.0_181\jre\bin\concrt140.dll
0x0000000053520000 - 0x0000000053543000 	C:\Program Files\Java\jdk1.8.0_181\jre\bin\prism_d3d.dll
0x00007ffed6b80000 - 0x00007ffed6d17000 	C:\WINDOWS\system32\d3d9.dll
0x00007ffeea050000 - 0x00007ffeea079000 	C:\WINDOWS\SYSTEM32\dwmapi.dll
0x00007ffee9d70000 - 0x00007ffee9e08000 	C:\WINDOWS\system32\uxtheme.dll
0x00007ffeec7b0000 - 0x00007ffeec992000 	C:\WINDOWS\System32\crypt32.dll
0x00007ffeeb8f0000 - 0x00007ffeeb902000 	C:\WINDOWS\System32\MSASN1.dll
0x00007ffeebb00000 - 0x00007ffeebb57000 	C:\WINDOWS\System32\WINTRUST.DLL
0x00007ffeed220000 - 0x00007ffeed23d000 	C:\WINDOWS\System32\imagehlp.dll
0x00007ffeeb300000 - 0x00007ffeeb317000 	C:\WINDOWS\SYSTEM32\CRYPTSP.dll
0x00007ffeead30000 - 0x00007ffeead63000 	C:\WINDOWS\system32\rsaenh.dll
0x00007ffeeb430000 - 0x00007ffeeb455000 	C:\WINDOWS\SYSTEM32\bcrypt.dll
0x00007ffeeb320000 - 0x00007ffeeb32b000 	C:\WINDOWS\SYSTEM32\CRYPTBASE.dll
0x00000000534d0000 - 0x0000000053519000 	C:\Program Files\Java\jdk1.8.0_181\jre\bin\glass.dll
0x00007ffeecce0000 - 0x00007ffeecdcd000 	C:\WINDOWS\System32\COMDLG32.dll
0x00007ffeecab0000 - 0x00007ffeecc01000 	C:\WINDOWS\System32\ole32.dll
0x00007ffeecc10000 - 0x00007ffeeccd2000 	C:\WINDOWS\System32\OLEAUT32.dll
0x00007ffeed240000 - 0x00007ffeed3b3000 	C:\WINDOWS\System32\MSCTF.dll
0x00007ffeb9720000 - 0x00007ffeb980b000 	C:\WINDOWS\System32\DriverStore\FileRepository\nvlti.inf_amd64_83a389b28f4c421e\nvldumdx.dll
0x00007ffeb5510000 - 0x00007ffeb671d000 	C:\WINDOWS\System32\DriverStore\FileRepository\nvlti.inf_amd64_83a389b28f4c421e\nvd3dumx.dll
0x00007ffeb7180000 - 0x00007ffeb726c000 	C:\Program Files (x86)\NVIDIA Corporation\3D Vision\nvSCPAPI64.dll
0x00007ffeecdd0000 - 0x00007ffeed21b000 	C:\WINDOWS\System32\SETUPAPI.dll
0x00007ffeb7770000 - 0x00007ffeb7a36000 	C:\WINDOWS\system32\nvspcap64.dll
0x00007ffeea9c0000 - 0x00007ffeea9f1000 	C:\WINDOWS\SYSTEM32\ntmarta.dll
0x00007ffeaf3b0000 - 0x00007ffeb18ed000 	C:\WINDOWS\SYSTEM32\igdumdim64.dll
0x00007ffee4210000 - 0x00007ffee4c4f000 	C:\WINDOWS\SYSTEM32\igdusc64.dll
0x00000000534b0000 - 0x00000000534c4000 	C:\Program Files\Java\jdk1.8.0_181\jre\bin\javafx_font.dll
0x00007ffedf3c0000 - 0x00007ffedf6dc000 	C:\WINDOWS\SYSTEM32\dwrite.dll
0x00007ffeedb40000 - 0x00007ffeedbe0000 	C:\WINDOWS\System32\clbcatq.dll
0x00007ffee7ad0000 - 0x00007ffee7c7e000 	C:\WINDOWS\SYSTEM32\WindowsCodecs.dll
0x00007ffec4770000 - 0x00007ffec47c8000 	C:\WINDOWS\system32\dataexchange.dll
0x00007ffee8850000 - 0x00007ffee8b5b000 	C:\WINDOWS\system32\d3d11.dll
0x00007ffee9560000 - 0x00007ffee96fc000 	C:\WINDOWS\system32\dcomp.dll
0x00007ffeea690000 - 0x00007ffeea74b000 	C:\WINDOWS\system32\dxgi.dll
0x00007ffeea160000 - 0x00007ffeea318000 	C:\WINDOWS\system32\twinapi.appcore.dll
0x00007ffeea130000 - 0x00007ffeea159000 	C:\WINDOWS\system32\RMCLIENT.dll
0x00007ffee6d70000 - 0x00007ffee6da4000 	C:\Program Files\Common Files\Microsoft Shared\Ink\rtscom.dll
0x00007ffee0e20000 - 0x00007ffee0eb6000 	C:\WINDOWS\System32\TextInputFramework.dll
0x00007ffee9a40000 - 0x00007ffee9b1a000 	C:\WINDOWS\System32\CoreMessaging.dll
0x00007ffee75b0000 - 0x00007ffee78ce000 	C:\WINDOWS\System32\CoreUIComponents.dll
0x00007ffee8070000 - 0x00007ffee81bd000 	C:\WINDOWS\SYSTEM32\wintypes.dll
0x0000000053490000 - 0x00000000534a2000 	C:\Program Files\Java\jdk1.8.0_181\jre\bin\prism_common.dll
0x00007ffee8f90000 - 0x00007ffee9557000 	C:\WINDOWS\SYSTEM32\d2d1.dll
0x00007ffec2300000 - 0x00007ffec2a7e000 	C:\WINDOWS\SYSTEM32\D3D10Warp.dll

VM Arguments:
jvm_args: -Dfile.encoding=UTF-8 
java_command: C:\Users\Mateusz\Documents\GitHub\KeyStroke\dist\run1949706272\KeyStroke.jar
java_class_path (initial): C:\Users\Mateusz\Documents\GitHub\KeyStroke\dist\run1949706272\KeyStroke.jar
Launcher Type: SUN_STANDARD

Environment Variables:
PATH=C:\ActiveTcl\bin;C:\oraclexe\app\oracle\product\11.2.0\server\bin;C:\oraclexe\app\oracle\product\11.2.0\server\bin;C:\Program Files (x86)\Common Files\Oracle\Java\javapath;C:\ProgramData\Oracle\Java\javapath;C:\Windows\system32;C:\Windows;C:\Windows\System32\Wbem;C:\Windows\System32\WindowsPowerShell\v1.0\;C:\Program Files (x86)\NVIDIA Corporation\PhysX\Common;C:\WINDOWS\system32;C:\WINDOWS;C:\WINDOWS\System32\Wbem;C:\WINDOWS\System32\WindowsPowerShell\v1.0\;C:\WINDOWS\System32\OpenSSH\;C:\users\mateusz\appdata\local\programs\python\python36-32\Scripts\;C:\Program Files\nodejs\;C:\Program Files (x86)\Inno Setup 5;C:\Program Files\NVIDIA Corporation\NVIDIA NvDLISR;C:\Program Files\Git\cmd;C:\Users\Mateusz\AppData\Local\Programs\Python\Python36-32\Scripts\;C:\Users\Mateusz\AppData\Local\Programs\Python\Python36-32\;C:\Users\Mateusz\AppData\Local\Microsoft\WindowsApps;C:\Users\Mateusz\AppData\Roaming\npm;C:\Users\Mateusz\AppData\Local\Programs\Microsoft VS Code\bin;C:\intelFPGA_lite\18.1\modelsim_ase\win32aloem;C:\Users\Mateusz\AppData\Local\GitHubDesktop\bin
USERNAME=Mateusz
OS=Windows_NT
PROCESSOR_IDENTIFIER=Intel64 Family 6 Model 61 Stepping 4, GenuineIntel



---------------  S Y S T E M  ---------------

OS: Windows 10.0 , 64 bit Build 17134 (10.0.17134.753)

CPU:total 4 (initial active 4) (2 cores per cpu, 2 threads per core) family 6 model 61 stepping 4, cmov, cx8, fxsr, mmx, sse, sse2, sse3, ssse3, sse4.1, sse4.2, popcnt, avx, avx2, aes, clmul, erms, 3dnowpref, lzcnt, ht, tsc, tscinvbit, bmi1, bmi2, adx

Memory: 4k page, physical 8306476k(953192k free), swap 12500780k(20k free)

vm_info: Java HotSpot(TM) 64-Bit Server VM (25.181-b13) for windows-amd64 JRE (1.8.0_181-b13), built on Jul  7 2018 04:01:33 by "java_re" with MS VC++ 10.0 (VS2010)

time: Mon May 27 15:18:52 2019
elapsed time: 5 seconds (0d 0h 0m 5s)

